<?xml version="1.0" encoding="UTF-8"?>
<coverage generated="1720369496529" clover="3.2.0">
  <project timestamp="1720369496529" name="All files">
    <metrics statements="45" coveredstatements="32" conditionals="10" coveredconditionals="5" methods="20" coveredmethods="12" elements="75" coveredelements="49" complexity="0" loc="45" ncloc="45" packages="4" files="8" classes="8"/>
    <package name="src">
      <metrics statements="20" coveredstatements="15" conditionals="8" coveredconditionals="5" methods="9" coveredmethods="6"/>
      <file name="App.jsx" path="D:\DM-Tech-Aassessment\Xische-Assessment\src\App.jsx">
        <metrics statements="20" coveredstatements="15" conditionals="8" coveredconditionals="5" methods="9" coveredmethods="6"/>
        <line num="15" count="4" type="stmt"/>
        <line num="16" count="4" type="stmt"/>
        <line num="17" count="4" type="stmt"/>
        <line num="19" count="4" type="stmt"/>
        <line num="20" count="0" type="stmt"/>
        <line num="23" count="4" type="stmt"/>
        <line num="24" count="2" type="cond" truecount="1" falsecount="1"/>
        <line num="25" count="0" type="stmt"/>
        <line num="27" count="2" type="stmt"/>
        <line num="29" count="2" type="stmt"/>
        <line num="32" count="0" type="stmt"/>
        <line num="36" count="4" type="stmt"/>
        <line num="37" count="2" type="stmt"/>
        <line num="40" count="4" type="cond" truecount="1" falsecount="1"/>
        <line num="41" count="0" type="stmt"/>
        <line num="43" count="4" type="stmt"/>
        <line num="65" count="12" type="stmt"/>
        <line num="66" count="12" type="stmt"/>
        <line num="75" count="0" type="stmt"/>
        <line num="84" count="4" type="stmt"/>
      </file>
    </package>
    <package name="src.assets.svg">
      <metrics statements="2" coveredstatements="2" conditionals="0" coveredconditionals="0" methods="2" coveredmethods="2"/>
      <file name="calendar.jsx" path="D:\DM-Tech-Aassessment\Xische-Assessment\src\assets\svg\calendar.jsx">
        <metrics statements="1" coveredstatements="1" conditionals="0" coveredconditionals="0" methods="1" coveredmethods="1"/>
        <line num="4" count="4" type="stmt"/>
      </file>
      <file name="logo.jsx" path="D:\DM-Tech-Aassessment\Xische-Assessment\src\assets\svg\logo.jsx">
        <metrics statements="1" coveredstatements="1" conditionals="0" coveredconditionals="0" methods="1" coveredmethods="1"/>
        <line num="4" count="4" type="stmt"/>
      </file>
    </package>
    <package name="src.components">
      <metrics statements="6" coveredstatements="5" conditionals="0" coveredconditionals="0" methods="4" coveredmethods="3"/>
      <file name="footer.jsx" path="D:\DM-Tech-Aassessment\Xische-Assessment\src\components\footer.jsx">
        <metrics statements="4" coveredstatements="4" conditionals="0" coveredconditionals="0" methods="3" coveredmethods="3"/>
        <line num="7" count="1" type="stmt"/>
        <line num="8" count="4" type="stmt"/>
        <line num="21" count="12" type="stmt"/>
        <line num="26" count="24" type="stmt"/>
      </file>
      <file name="notfound.jsx" path="D:\DM-Tech-Aassessment\Xische-Assessment\src\components\notfound.jsx">
        <metrics statements="2" coveredstatements="1" conditionals="0" coveredconditionals="0" methods="1" coveredmethods="0"/>
        <line num="4" count="1" type="stmt"/>
        <line num="5" count="0" type="stmt"/>
      </file>
    </package>
    <package name="src.utils">
      <metrics statements="17" coveredstatements="10" conditionals="2" coveredconditionals="0" methods="5" coveredmethods="1"/>
      <file name="api.js" path="D:\DM-Tech-Aassessment\Xische-Assessment\src\utils\api.js">
        <metrics statements="8" coveredstatements="1" conditionals="2" coveredconditionals="0" methods="4" coveredmethods="0"/>
        <line num="1" count="1" type="stmt"/>
        <line num="2" count="0" type="stmt"/>
        <line num="4" count="0" type="stmt"/>
        <line num="8" count="0" type="cond" truecount="0" falsecount="2"/>
        <line num="9" count="0" type="stmt"/>
        <line num="11" count="0" type="stmt"/>
        <line num="14" count="0" type="stmt"/>
        <line num="17" count="0" type="stmt"/>
      </file>
      <file name="common.js" path="D:\DM-Tech-Aassessment\Xische-Assessment\src\utils\common.js">
        <metrics statements="7" coveredstatements="7" conditionals="0" coveredconditionals="0" methods="1" coveredmethods="1"/>
        <line num="2" count="4" type="stmt"/>
        <line num="3" count="4" type="stmt"/>
        <line num="4" count="4" type="stmt"/>
        <line num="5" count="4" type="stmt"/>
        <line num="7" count="4" type="stmt"/>
        <line num="22" count="4" type="stmt"/>
        <line num="23" count="4" type="stmt"/>
      </file>
      <file name="constant.js" path="D:\DM-Tech-Aassessment\Xische-Assessment\src\utils\constant.js">
        <metrics statements="2" coveredstatements="2" conditionals="0" coveredconditionals="0" methods="0" coveredmethods="0"/>
        <line num="1" count="1" type="stmt"/>
        <line num="16" count="1" type="stmt"/>
      </file>
    </package>
  </project>
</coverage>
