{"D:\\DM-Tech-Aassessment\\Xische-Assessment\\src\\App.jsx": {"path":"D:\\DM-Tech-Aassessment\\Xische-Assessment\\src\\App.jsx","statementMap":{"0":{"start":{"line":15,"column":32},"end":{"line":15,"column":46}},"1":{"start":{"line":16,"column":36},"end":{"line":16,"column":47}},"2":{"start":{"line":17,"column":36},"end":{"line":17,"column":51}},"3":{"start":{"line":19,"column":25},"end":{"line":21,"column":3}},"4":{"start":{"line":20,"column":4},"end":{"line":20,"column":21}},"5":{"start":{"line":23,"column":26},"end":{"line":34,"column":3}},"6":{"start":{"line":24,"column":4},"end":{"line":26,"column":5}},"7":{"start":{"line":25,"column":6},"end":{"line":25,"column":26}},"8":{"start":{"line":27,"column":4},"end":{"line":33,"column":9}},"9":{"start":{"line":29,"column":8},"end":{"line":29,"column":32}},"10":{"start":{"line":32,"column":8},"end":{"line":32,"column":27}},"11":{"start":{"line":36,"column":2},"end":{"line":38,"column":18}},"12":{"start":{"line":37,"column":4},"end":{"line":37,"column":22}},"13":{"start":{"line":40,"column":2},"end":{"line":42,"column":3}},"14":{"start":{"line":41,"column":4},"end":{"line":41,"column":50}},"15":{"start":{"line":43,"column":2},"end":{"line":123,"column":4}},"16":{"start":{"line":65,"column":34},"end":{"line":65,"column":61}},"17":{"start":{"line":66,"column":12},"end":{"line":79,"column":14}},"18":{"start":{"line":75,"column":37},"end":{"line":75,"column":66}},"19":{"start":{"line":84,"column":12},"end":{"line":111,"column":18}}},"fnMap":{"0":{"name":"App","decl":{"start":{"line":14,"column":9},"end":{"line":14,"column":12}},"loc":{"start":{"line":14,"column":15},"end":{"line":124,"column":1}},"line":14},"1":{"name":"(anonymous_1)","decl":{"start":{"line":19,"column":25},"end":{"line":19,"column":26}},"loc":{"start":{"line":19,"column":33},"end":{"line":21,"column":3}},"line":19},"2":{"name":"(anonymous_2)","decl":{"start":{"line":23,"column":26},"end":{"line":23,"column":27}},"loc":{"start":{"line":23,"column":32},"end":{"line":34,"column":3}},"line":23},"3":{"name":"(anonymous_3)","decl":{"start":{"line":28,"column":12},"end":{"line":28,"column":13}},"loc":{"start":{"line":28,"column":29},"end":{"line":30,"column":7}},"line":28},"4":{"name":"(anonymous_4)","decl":{"start":{"line":31,"column":13},"end":{"line":31,"column":14}},"loc":{"start":{"line":31,"column":19},"end":{"line":33,"column":7}},"line":31},"5":{"name":"(anonymous_5)","decl":{"start":{"line":36,"column":12},"end":{"line":36,"column":13}},"loc":{"start":{"line":36,"column":18},"end":{"line":38,"column":3}},"line":36},"6":{"name":"(anonymous_6)","decl":{"start":{"line":64,"column":30},"end":{"line":64,"column":31}},"loc":{"start":{"line":64,"column":67},"end":{"line":80,"column":11}},"line":64},"7":{"name":"(anonymous_7)","decl":{"start":{"line":75,"column":31},"end":{"line":75,"column":32}},"loc":{"start":{"line":75,"column":37},"end":{"line":75,"column":66}},"line":75},"8":{"name":"(anonymous_8)","decl":{"start":{"line":83,"column":24},"end":{"line":83,"column":25}},"loc":{"start":{"line":84,"column":12},"end":{"line":111,"column":18}},"line":84}},"branchMap":{"0":{"loc":{"start":{"line":24,"column":4},"end":{"line":26,"column":5}},"type":"if","locations":[{"start":{"line":24,"column":4},"end":{"line":26,"column":5}},{"start":{},"end":{}}],"line":24},"1":{"loc":{"start":{"line":40,"column":2},"end":{"line":42,"column":3}},"type":"if","locations":[{"start":{"line":40,"column":2},"end":{"line":42,"column":3}},{"start":{},"end":{}}],"line":40},"2":{"loc":{"start":{"line":70,"column":18},"end":{"line":72,"column":60}},"type":"cond-expr","locations":[{"start":{"line":71,"column":22},"end":{"line":71,"column":47}},{"start":{"line":72,"column":22},"end":{"line":72,"column":60}}],"line":70},"3":{"loc":{"start":{"line":87,"column":21},"end":{"line":87,"column":76}},"type":"binary-expr","locations":[{"start":{"line":87,"column":21},"end":{"line":87,"column":61}},{"start":{"line":87,"column":65},"end":{"line":87,"column":76}}],"line":87}},"s":{"0":4,"1":4,"2":4,"3":4,"4":0,"5":4,"6":2,"7":0,"8":2,"9":2,"10":0,"11":4,"12":2,"13":4,"14":0,"15":4,"16":12,"17":12,"18":0,"19":4},"f":{"0":4,"1":0,"2":2,"3":2,"4":0,"5":2,"6":12,"7":0,"8":4},"b":{"0":[0,2],"1":[0,4],"2":[4,8],"3":[4,0]},"_coverageSchema":"1a1c01bbd47fc00a2c39e90264f33305004495a9","hash":"b09502da601fb54d9d567d82ffc354e75b9c798d"}
,"D:\\DM-Tech-Aassessment\\Xische-Assessment\\src\\assets\\svg\\calendar.jsx": {"path":"D:\\DM-Tech-Aassessment\\Xische-Assessment\\src\\assets\\svg\\calendar.jsx","statementMap":{"0":{"start":{"line":4,"column":2},"end":{"line":12,"column":4}}},"fnMap":{"0":{"name":"Calendar","decl":{"start":{"line":3,"column":24},"end":{"line":3,"column":32}},"loc":{"start":{"line":3,"column":35},"end":{"line":13,"column":1}},"line":3}},"branchMap":{},"s":{"0":4},"f":{"0":4},"b":{},"_coverageSchema":"1a1c01bbd47fc00a2c39e90264f33305004495a9","hash":"babc059d8b82e813c36a0a62f685493e7cf310ec"}
,"D:\\DM-Tech-Aassessment\\Xische-Assessment\\src\\assets\\svg\\logo.jsx": {"path":"D:\\DM-Tech-Aassessment\\Xische-Assessment\\src\\assets\\svg\\logo.jsx","statementMap":{"0":{"start":{"line":4,"column":2},"end":{"line":91,"column":4}}},"fnMap":{"0":{"name":"Logo","decl":{"start":{"line":3,"column":24},"end":{"line":3,"column":28}},"loc":{"start":{"line":3,"column":31},"end":{"line":92,"column":1}},"line":3}},"branchMap":{},"s":{"0":4},"f":{"0":4},"b":{},"_coverageSchema":"1a1c01bbd47fc00a2c39e90264f33305004495a9","hash":"72ef87a4272cb81e56ffc2b629e62af961ad7ef9"}
,"D:\\DM-Tech-Aassessment\\Xische-Assessment\\src\\components\\footer.jsx": {"path":"D:\\DM-Tech-Aassessment\\Xische-Assessment\\src\\components\\footer.jsx","statementMap":{"0":{"start":{"line":7,"column":15},"end":{"line":56,"column":1}},"1":{"start":{"line":8,"column":2},"end":{"line":55,"column":11}},"2":{"start":{"line":21,"column":12},"end":{"line":37,"column":18}},"3":{"start":{"line":26,"column":16},"end":{"line":35,"column":21}}},"fnMap":{"0":{"name":"(anonymous_0)","decl":{"start":{"line":7,"column":15},"end":{"line":7,"column":16}},"loc":{"start":{"line":8,"column":2},"end":{"line":55,"column":11}},"line":8},"1":{"name":"(anonymous_1)","decl":{"start":{"line":20,"column":26},"end":{"line":20,"column":27}},"loc":{"start":{"line":21,"column":12},"end":{"line":37,"column":18}},"line":21},"2":{"name":"(anonymous_2)","decl":{"start":{"line":25,"column":35},"end":{"line":25,"column":36}},"loc":{"start":{"line":26,"column":16},"end":{"line":35,"column":21}},"line":26}},"branchMap":{},"s":{"0":1,"1":4,"2":12,"3":24},"f":{"0":4,"1":12,"2":24},"b":{},"_coverageSchema":"1a1c01bbd47fc00a2c39e90264f33305004495a9","hash":"9c4ebba85369cc0c61a3aa303a9d66a5b720dfbb"}
,"D:\\DM-Tech-Aassessment\\Xische-Assessment\\src\\components\\notfound.jsx": {"path":"D:\\DM-Tech-Aassessment\\Xische-Assessment\\src\\components\\notfound.jsx","statementMap":{"0":{"start":{"line":4,"column":17},"end":{"line":19,"column":1}},"1":{"start":{"line":5,"column":2},"end":{"line":18,"column":4}}},"fnMap":{"0":{"name":"(anonymous_0)","decl":{"start":{"line":4,"column":17},"end":{"line":4,"column":18}},"loc":{"start":{"line":4,"column":34},"end":{"line":19,"column":1}},"line":4}},"branchMap":{},"s":{"0":1,"1":0},"f":{"0":0},"b":{},"_coverageSchema":"1a1c01bbd47fc00a2c39e90264f33305004495a9","hash":"6d12b5178b19643077293f585d869ba897f610b1"}
,"D:\\DM-Tech-Aassessment\\Xische-Assessment\\src\\utils\\api.js": {"path":"D:\\DM-Tech-Aassessment\\Xische-Assessment\\src\\utils\\api.js","statementMap":{"0":{"start":{"line":1,"column":29},"end":{"line":19,"column":1}},"1":{"start":{"line":2,"column":27},"end":{"line":2,"column":138}},"2":{"start":{"line":4,"column":2},"end":{"line":18,"column":7}},"3":{"start":{"line":8,"column":6},"end":{"line":10,"column":7}},"4":{"start":{"line":9,"column":8},"end":{"line":9,"column":55}},"5":{"start":{"line":11,"column":6},"end":{"line":11,"column":29}},"6":{"start":{"line":14,"column":6},"end":{"line":14,"column":26}},"7":{"start":{"line":17,"column":6},"end":{"line":17,"column":29}}},"fnMap":{"0":{"name":"(anonymous_0)","decl":{"start":{"line":1,"column":29},"end":{"line":1,"column":30}},"loc":{"start":{"line":1,"column":45},"end":{"line":19,"column":1}},"line":1},"1":{"name":"(anonymous_1)","decl":{"start":{"line":7,"column":10},"end":{"line":7,"column":11}},"loc":{"start":{"line":7,"column":24},"end":{"line":12,"column":5}},"line":7},"2":{"name":"(anonymous_2)","decl":{"start":{"line":13,"column":10},"end":{"line":13,"column":11}},"loc":{"start":{"line":13,"column":20},"end":{"line":15,"column":5}},"line":13},"3":{"name":"(anonymous_3)","decl":{"start":{"line":16,"column":11},"end":{"line":16,"column":12}},"loc":{"start":{"line":16,"column":22},"end":{"line":18,"column":5}},"line":16}},"branchMap":{"0":{"loc":{"start":{"line":8,"column":6},"end":{"line":10,"column":7}},"type":"if","locations":[{"start":{"line":8,"column":6},"end":{"line":10,"column":7}},{"start":{},"end":{}}],"line":8}},"s":{"0":1,"1":0,"2":0,"3":0,"4":0,"5":0,"6":0,"7":0},"f":{"0":0,"1":0,"2":0,"3":0},"b":{"0":[0,0]},"_coverageSchema":"1a1c01bbd47fc00a2c39e90264f33305004495a9","hash":"3ce4341c9efe1dc29a2b5f065f9ef054526ec9d0"}
,"D:\\DM-Tech-Aassessment\\Xische-Assessment\\src\\utils\\common.js": {"path":"D:\\DM-Tech-Aassessment\\Xische-Assessment\\src\\utils\\common.js","statementMap":{"0":{"start":{"line":2,"column":14},"end":{"line":2,"column":34}},"1":{"start":{"line":3,"column":13},"end":{"line":3,"column":21}},"2":{"start":{"line":4,"column":14},"end":{"line":4,"column":22}},"3":{"start":{"line":5,"column":12},"end":{"line":5,"column":20}},"4":{"start":{"line":7,"column":15},"end":{"line":20,"column":3}},"5":{"start":{"line":22,"column":18},"end":{"line":22,"column":45}},"6":{"start":{"line":23,"column":2},"end":{"line":23,"column":44}}},"fnMap":{"0":{"name":"formatDate","decl":{"start":{"line":1,"column":16},"end":{"line":1,"column":26}},"loc":{"start":{"line":1,"column":38},"end":{"line":24,"column":1}},"line":1}},"branchMap":{},"s":{"0":4,"1":4,"2":4,"3":4,"4":4,"5":4,"6":4},"f":{"0":4},"b":{},"_coverageSchema":"1a1c01bbd47fc00a2c39e90264f33305004495a9","hash":"241d04f5fecb531d6efe9cbf32af68af3e88b44c"}
,"D:\\DM-Tech-Aassessment\\Xische-Assessment\\src\\utils\\constant.js": {"path":"D:\\DM-Tech-Aassessment\\Xische-Assessment\\src\\utils\\constant.js","statementMap":{"0":{"start":{"line":1,"column":29},"end":{"line":14,"column":1}},"1":{"start":{"line":16,"column":26},"end":{"line":56,"column":1}}},"fnMap":{},"branchMap":{},"s":{"0":1,"1":1},"f":{},"b":{},"_coverageSchema":"1a1c01bbd47fc00a2c39e90264f33305004495a9","hash":"cf6fe71088fa3c65dd53fad2f92ffcbc49a55b05"}
}
