TN:
SF:src\App.jsx
FN:14,App
FN:19,(anonymous_1)
FN:23,(anonymous_2)
FN:28,(anonymous_3)
FN:31,(anonymous_4)
FN:36,(anonymous_5)
FN:64,(anonymous_6)
FN:75,(anonymous_7)
FN:83,(anonymous_8)
FNF:9
FNH:6
FNDA:4,App
FNDA:0,(anonymous_1)
FNDA:2,(anonymous_2)
FNDA:2,(anonymous_3)
FNDA:0,(anonymous_4)
FNDA:2,(anonymous_5)
FNDA:12,(anonymous_6)
FNDA:0,(anonymous_7)
FNDA:4,(anonymous_8)
DA:15,4
DA:16,4
DA:17,4
DA:19,4
DA:20,0
DA:23,4
DA:24,2
DA:25,0
DA:27,2
DA:29,2
DA:32,0
DA:36,4
DA:37,2
DA:40,4
DA:41,0
DA:43,4
DA:65,12
DA:66,12
DA:75,0
DA:84,4
LF:20
LH:15
BRDA:24,0,0,0
BRDA:24,0,1,2
BRDA:40,1,0,0
BRDA:40,1,1,4
BRDA:70,2,0,4
BRDA:70,2,1,8
BRDA:87,3,0,4
BRDA:87,3,1,0
BRF:8
BRH:5
end_of_record
TN:
SF:src\assets\svg\calendar.jsx
FN:3,Calendar
FNF:1
FNH:1
FNDA:4,Calendar
DA:4,4
LF:1
LH:1
BRF:0
BRH:0
end_of_record
TN:
SF:src\assets\svg\logo.jsx
FN:3,Logo
FNF:1
FNH:1
FNDA:4,Logo
DA:4,4
LF:1
LH:1
BRF:0
BRH:0
end_of_record
TN:
SF:src\components\footer.jsx
FN:7,(anonymous_0)
FN:20,(anonymous_1)
FN:25,(anonymous_2)
FNF:3
FNH:3
FNDA:4,(anonymous_0)
FNDA:12,(anonymous_1)
FNDA:24,(anonymous_2)
DA:7,1
DA:8,4
DA:21,12
DA:26,24
LF:4
LH:4
BRF:0
BRH:0
end_of_record
TN:
SF:src\components\notfound.jsx
FN:4,(anonymous_0)
FNF:1
FNH:0
FNDA:0,(anonymous_0)
DA:4,1
DA:5,0
LF:2
LH:1
BRF:0
BRH:0
end_of_record
TN:
SF:src\utils\api.js
FN:1,(anonymous_0)
FN:7,(anonymous_1)
FN:13,(anonymous_2)
FN:16,(anonymous_3)
FNF:4
FNH:0
FNDA:0,(anonymous_0)
FNDA:0,(anonymous_1)
FNDA:0,(anonymous_2)
FNDA:0,(anonymous_3)
DA:1,1
DA:2,0
DA:4,0
DA:8,0
DA:9,0
DA:11,0
DA:14,0
DA:17,0
LF:8
LH:1
BRDA:8,0,0,0
BRDA:8,0,1,0
BRF:2
BRH:0
end_of_record
TN:
SF:src\utils\common.js
FN:1,formatDate
FNF:1
FNH:1
FNDA:4,formatDate
DA:2,4
DA:3,4
DA:4,4
DA:5,4
DA:7,4
DA:22,4
DA:23,4
LF:7
LH:7
BRF:0
BRH:0
end_of_record
TN:
SF:src\utils\constant.js
FNF:0
FNH:0
DA:1,1
DA:16,1
LF:2
LH:2
BRF:0
BRH:0
end_of_record
